<?xml version="1.0" encoding="UTF-8"?>
<!-- Generated by org.testng.reporters.JUnitReportReporter -->
<testsuite hostname="IN-2DPN2J3" failures="0" tests="1" name="ApiTraining.ApiTraining.Commands" time="3.464" errors="0" timestamp="2023-03-05T22:08:17 IST" skipped="0">
  <testcase classname="ApiTraining.ApiTraining.Commands" name="UsingPost" time="3.464"/>
  <system-out/>
</testsuite> <!-- ApiTraining.ApiTraining.Commands -->
